<?xml version="1.0" encoding="UTF-8"?>
<testsuite xmlns:xsi="http://www.w3.org/2001/XMLSchema-instance" xsi:noNamespaceSchemaLocation="https://maven.apache.org/surefire/maven-surefire-plugin/xsd/surefire-test-report.xsd" name="com.wdssdream.see.SeeApplicationTests" time="0.65" tests="1" errors="0" skipped="0" failures="0">
  <properties>
    <property name="gopherProxySet" value="false"/>
    <property name="awt.toolkit" value="sun.lwawt.macosx.LWCToolkit"/>
    <property name="socksProxyHost" value="127.0.0.1"/>
    <property name="http.proxyHost" value="127.0.0.1"/>
    <property name="java.specification.version" value="1.8"/>
    <property name="file.encoding.pkg" value="sun.io"/>
    <property name="sun.cpu.isalist" value=""/>
    <property name="sun.jnu.encoding" value="UTF-8"/>
    <property name="java.class.path" value="/Users/wdssdream/workspace/github/see/target/test-classes:/Users/wdssdream/workspace/github/see/target/classes:/Users/wdssdream/workspace/maven_repository/org/springframework/boot/spring-boot-starter/2.7.12-SNAPSHOT/spring-boot-starter-2.7.12-SNAPSHOT.jar:/Users/wdssdream/workspace/maven_repository/org/springframework/boot/spring-boot/2.7.12-SNAPSHOT/spring-boot-2.7.12-SNAPSHOT.jar:/Users/wdssdream/workspace/maven_repository/org/springframework/spring-context/5.3.27/spring-context-5.3.27.jar:/Users/wdssdream/workspace/maven_repository/org/springframework/spring-aop/5.3.27/spring-aop-5.3.27.jar:/Users/wdssdream/workspace/maven_repository/org/springframework/spring-beans/5.3.27/spring-beans-5.3.27.jar:/Users/wdssdream/workspace/maven_repository/org/springframework/spring-expression/5.3.27/spring-expression-5.3.27.jar:/Users/wdssdream/workspace/maven_repository/org/springframework/boot/spring-boot-autoconfigure/2.7.12-SNAPSHOT/spring-boot-autoconfigure-2.7.12-SNAPSHOT.jar:/Users/wdssdream/workspace/maven_repository/org/springframework/boot/spring-boot-starter-logging/2.7.12-SNAPSHOT/spring-boot-starter-logging-2.7.12-SNAPSHOT.jar:/Users/wdssdream/workspace/maven_repository/ch/qos/logback/logback-classic/1.2.12/logback-classic-1.2.12.jar:/Users/wdssdream/workspace/maven_repository/ch/qos/logback/logback-core/1.2.12/logback-core-1.2.12.jar:/Users/wdssdream/workspace/maven_repository/org/apache/logging/log4j/log4j-to-slf4j/2.17.2/log4j-to-slf4j-2.17.2.jar:/Users/wdssdream/workspace/maven_repository/org/apache/logging/log4j/log4j-api/2.17.2/log4j-api-2.17.2.jar:/Users/wdssdream/workspace/maven_repository/org/slf4j/jul-to-slf4j/1.7.36/jul-to-slf4j-1.7.36.jar:/Users/wdssdream/workspace/maven_repository/jakarta/annotation/jakarta.annotation-api/1.3.5/jakarta.annotation-api-1.3.5.jar:/Users/wdssdream/workspace/maven_repository/org/springframework/spring-core/5.3.27/spring-core-5.3.27.jar:/Users/wdssdream/workspace/maven_repository/org/springframework/spring-jcl/5.3.27/spring-jcl-5.3.27.jar:/Users/wdssdream/workspace/maven_repository/org/yaml/snakeyaml/1.30/snakeyaml-1.30.jar:/Users/wdssdream/workspace/maven_repository/org/springframework/boot/spring-boot-starter-test/2.7.12-SNAPSHOT/spring-boot-starter-test-2.7.12-SNAPSHOT.jar:/Users/wdssdream/workspace/maven_repository/org/springframework/boot/spring-boot-test/2.7.12-SNAPSHOT/spring-boot-test-2.7.12-SNAPSHOT.jar:/Users/wdssdream/workspace/maven_repository/org/springframework/boot/spring-boot-test-autoconfigure/2.7.12-SNAPSHOT/spring-boot-test-autoconfigure-2.7.12-SNAPSHOT.jar:/Users/wdssdream/workspace/maven_repository/com/jayway/jsonpath/json-path/2.7.0/json-path-2.7.0.jar:/Users/wdssdream/workspace/maven_repository/net/minidev/json-smart/2.4.10/json-smart-2.4.10.jar:/Users/wdssdream/workspace/maven_repository/net/minidev/accessors-smart/2.4.9/accessors-smart-2.4.9.jar:/Users/wdssdream/workspace/maven_repository/org/ow2/asm/asm/9.3/asm-9.3.jar:/Users/wdssdream/workspace/maven_repository/org/slf4j/slf4j-api/1.7.36/slf4j-api-1.7.36.jar:/Users/wdssdream/workspace/maven_repository/jakarta/xml/bind/jakarta.xml.bind-api/2.3.3/jakarta.xml.bind-api-2.3.3.jar:/Users/wdssdream/workspace/maven_repository/jakarta/activation/jakarta.activation-api/1.2.2/jakarta.activation-api-1.2.2.jar:/Users/wdssdream/workspace/maven_repository/org/assertj/assertj-core/3.22.0/assertj-core-3.22.0.jar:/Users/wdssdream/workspace/maven_repository/org/hamcrest/hamcrest/2.2/hamcrest-2.2.jar:/Users/wdssdream/workspace/maven_repository/org/junit/jupiter/junit-jupiter/5.8.2/junit-jupiter-5.8.2.jar:/Users/wdssdream/workspace/maven_repository/org/junit/jupiter/junit-jupiter-api/5.8.2/junit-jupiter-api-5.8.2.jar:/Users/wdssdream/workspace/maven_repository/org/opentest4j/opentest4j/1.2.0/opentest4j-1.2.0.jar:/Users/wdssdream/workspace/maven_repository/org/junit/platform/junit-platform-commons/1.8.2/junit-platform-commons-1.8.2.jar:/Users/wdssdream/workspace/maven_repository/org/apiguardian/apiguardian-api/1.1.2/apiguardian-api-1.1.2.jar:/Users/wdssdream/workspace/maven_repository/org/junit/jupiter/junit-jupiter-params/5.8.2/junit-jupiter-params-5.8.2.jar:/Users/wdssdream/workspace/maven_repository/org/junit/jupiter/junit-jupiter-engine/5.8.2/junit-jupiter-engine-5.8.2.jar:/Users/wdssdream/workspace/maven_repository/org/junit/platform/junit-platform-engine/1.8.2/junit-platform-engine-1.8.2.jar:/Users/wdssdream/workspace/maven_repository/org/mockito/mockito-core/4.5.1/mockito-core-4.5.1.jar:/Users/wdssdream/workspace/maven_repository/net/bytebuddy/byte-buddy/1.12.23/byte-buddy-1.12.23.jar:/Users/wdssdream/workspace/maven_repository/net/bytebuddy/byte-buddy-agent/1.12.23/byte-buddy-agent-1.12.23.jar:/Users/wdssdream/workspace/maven_repository/org/objenesis/objenesis/3.2/objenesis-3.2.jar:/Users/wdssdream/workspace/maven_repository/org/mockito/mockito-junit-jupiter/4.5.1/mockito-junit-jupiter-4.5.1.jar:/Users/wdssdream/workspace/maven_repository/org/skyscreamer/jsonassert/1.5.1/jsonassert-1.5.1.jar:/Users/wdssdream/workspace/maven_repository/com/vaadin/external/google/android-json/0.0.20131108.vaadin1/android-json-0.0.20131108.vaadin1.jar:/Users/wdssdream/workspace/maven_repository/org/springframework/spring-test/5.3.27/spring-test-5.3.27.jar:/Users/wdssdream/workspace/maven_repository/org/xmlunit/xmlunit-core/2.9.1/xmlunit-core-2.9.1.jar:/Users/wdssdream/workspace/maven_repository/com/alibaba/fastjson2/fastjson2/2.0.16/fastjson2-2.0.16.jar:/Users/wdssdream/workspace/maven_repository/cn/hutool/hutool-all/5.8.16/hutool-all-5.8.16.jar:"/>
    <property name="https.proxyPort" value="7890"/>
    <property name="java.vm.vendor" value="Azul Systems, Inc."/>
    <property name="sun.arch.data.model" value="64"/>
    <property name="java.vendor.url" value="http://www.azul.com/"/>
    <property name="user.timezone" value=""/>
    <property name="user.country.format" value="CN"/>
    <property name="java.vm.specification.version" value="1.8"/>
    <property name="os.name" value="Mac OS X"/>
    <property name="user.country" value="US"/>
    <property name="sun.java.launcher" value="SUN_STANDARD"/>
    <property name="sun.boot.library.path" value="/Library/Java/JavaVirtualMachines/zulu-8.jdk/Contents/Home/jre/lib"/>
    <property name="sun.java.command" value="/Users/wdssdream/workspace/github/see/target/surefire/surefirebooter4345443562446159448.jar /Users/wdssdream/workspace/github/see/target/surefire 2023-04-29T02-33-35_858-jvmRun1 surefire2484072285999540069tmp surefire_01487791329944475350tmp"/>
    <property name="http.nonProxyHosts" value="192.168.0.0/16|*.192.168.0.0/16|10.0.0.0/8|*.10.0.0.0/8|172.16.0.0/12|*.172.16.0.0/12|127.0.0.1|localhost|*.localhost|local|*.local|timestamp.apple.com|*.timestamp.apple.com|sequoia.apple.com|*.sequoia.apple.com|seed-sequoia.siri.apple.com|*.seed-sequoia.siri.apple.com"/>
    <property name="surefire.test.class.path" value="/Users/wdssdream/workspace/github/see/target/test-classes:/Users/wdssdream/workspace/github/see/target/classes:/Users/wdssdream/workspace/maven_repository/org/springframework/boot/spring-boot-starter/2.7.12-SNAPSHOT/spring-boot-starter-2.7.12-SNAPSHOT.jar:/Users/wdssdream/workspace/maven_repository/org/springframework/boot/spring-boot/2.7.12-SNAPSHOT/spring-boot-2.7.12-SNAPSHOT.jar:/Users/wdssdream/workspace/maven_repository/org/springframework/spring-context/5.3.27/spring-context-5.3.27.jar:/Users/wdssdream/workspace/maven_repository/org/springframework/spring-aop/5.3.27/spring-aop-5.3.27.jar:/Users/wdssdream/workspace/maven_repository/org/springframework/spring-beans/5.3.27/spring-beans-5.3.27.jar:/Users/wdssdream/workspace/maven_repository/org/springframework/spring-expression/5.3.27/spring-expression-5.3.27.jar:/Users/wdssdream/workspace/maven_repository/org/springframework/boot/spring-boot-autoconfigure/2.7.12-SNAPSHOT/spring-boot-autoconfigure-2.7.12-SNAPSHOT.jar:/Users/wdssdream/workspace/maven_repository/org/springframework/boot/spring-boot-starter-logging/2.7.12-SNAPSHOT/spring-boot-starter-logging-2.7.12-SNAPSHOT.jar:/Users/wdssdream/workspace/maven_repository/ch/qos/logback/logback-classic/1.2.12/logback-classic-1.2.12.jar:/Users/wdssdream/workspace/maven_repository/ch/qos/logback/logback-core/1.2.12/logback-core-1.2.12.jar:/Users/wdssdream/workspace/maven_repository/org/apache/logging/log4j/log4j-to-slf4j/2.17.2/log4j-to-slf4j-2.17.2.jar:/Users/wdssdream/workspace/maven_repository/org/apache/logging/log4j/log4j-api/2.17.2/log4j-api-2.17.2.jar:/Users/wdssdream/workspace/maven_repository/org/slf4j/jul-to-slf4j/1.7.36/jul-to-slf4j-1.7.36.jar:/Users/wdssdream/workspace/maven_repository/jakarta/annotation/jakarta.annotation-api/1.3.5/jakarta.annotation-api-1.3.5.jar:/Users/wdssdream/workspace/maven_repository/org/springframework/spring-core/5.3.27/spring-core-5.3.27.jar:/Users/wdssdream/workspace/maven_repository/org/springframework/spring-jcl/5.3.27/spring-jcl-5.3.27.jar:/Users/wdssdream/workspace/maven_repository/org/yaml/snakeyaml/1.30/snakeyaml-1.30.jar:/Users/wdssdream/workspace/maven_repository/org/springframework/boot/spring-boot-starter-test/2.7.12-SNAPSHOT/spring-boot-starter-test-2.7.12-SNAPSHOT.jar:/Users/wdssdream/workspace/maven_repository/org/springframework/boot/spring-boot-test/2.7.12-SNAPSHOT/spring-boot-test-2.7.12-SNAPSHOT.jar:/Users/wdssdream/workspace/maven_repository/org/springframework/boot/spring-boot-test-autoconfigure/2.7.12-SNAPSHOT/spring-boot-test-autoconfigure-2.7.12-SNAPSHOT.jar:/Users/wdssdream/workspace/maven_repository/com/jayway/jsonpath/json-path/2.7.0/json-path-2.7.0.jar:/Users/wdssdream/workspace/maven_repository/net/minidev/json-smart/2.4.10/json-smart-2.4.10.jar:/Users/wdssdream/workspace/maven_repository/net/minidev/accessors-smart/2.4.9/accessors-smart-2.4.9.jar:/Users/wdssdream/workspace/maven_repository/org/ow2/asm/asm/9.3/asm-9.3.jar:/Users/wdssdream/workspace/maven_repository/org/slf4j/slf4j-api/1.7.36/slf4j-api-1.7.36.jar:/Users/wdssdream/workspace/maven_repository/jakarta/xml/bind/jakarta.xml.bind-api/2.3.3/jakarta.xml.bind-api-2.3.3.jar:/Users/wdssdream/workspace/maven_repository/jakarta/activation/jakarta.activation-api/1.2.2/jakarta.activation-api-1.2.2.jar:/Users/wdssdream/workspace/maven_repository/org/assertj/assertj-core/3.22.0/assertj-core-3.22.0.jar:/Users/wdssdream/workspace/maven_repository/org/hamcrest/hamcrest/2.2/hamcrest-2.2.jar:/Users/wdssdream/workspace/maven_repository/org/junit/jupiter/junit-jupiter/5.8.2/junit-jupiter-5.8.2.jar:/Users/wdssdream/workspace/maven_repository/org/junit/jupiter/junit-jupiter-api/5.8.2/junit-jupiter-api-5.8.2.jar:/Users/wdssdream/workspace/maven_repository/org/opentest4j/opentest4j/1.2.0/opentest4j-1.2.0.jar:/Users/wdssdream/workspace/maven_repository/org/junit/platform/junit-platform-commons/1.8.2/junit-platform-commons-1.8.2.jar:/Users/wdssdream/workspace/maven_repository/org/apiguardian/apiguardian-api/1.1.2/apiguardian-api-1.1.2.jar:/Users/wdssdream/workspace/maven_repository/org/junit/jupiter/junit-jupiter-params/5.8.2/junit-jupiter-params-5.8.2.jar:/Users/wdssdream/workspace/maven_repository/org/junit/jupiter/junit-jupiter-engine/5.8.2/junit-jupiter-engine-5.8.2.jar:/Users/wdssdream/workspace/maven_repository/org/junit/platform/junit-platform-engine/1.8.2/junit-platform-engine-1.8.2.jar:/Users/wdssdream/workspace/maven_repository/org/mockito/mockito-core/4.5.1/mockito-core-4.5.1.jar:/Users/wdssdream/workspace/maven_repository/net/bytebuddy/byte-buddy/1.12.23/byte-buddy-1.12.23.jar:/Users/wdssdream/workspace/maven_repository/net/bytebuddy/byte-buddy-agent/1.12.23/byte-buddy-agent-1.12.23.jar:/Users/wdssdream/workspace/maven_repository/org/objenesis/objenesis/3.2/objenesis-3.2.jar:/Users/wdssdream/workspace/maven_repository/org/mockito/mockito-junit-jupiter/4.5.1/mockito-junit-jupiter-4.5.1.jar:/Users/wdssdream/workspace/maven_repository/org/skyscreamer/jsonassert/1.5.1/jsonassert-1.5.1.jar:/Users/wdssdream/workspace/maven_repository/com/vaadin/external/google/android-json/0.0.20131108.vaadin1/android-json-0.0.20131108.vaadin1.jar:/Users/wdssdream/workspace/maven_repository/org/springframework/spring-test/5.3.27/spring-test-5.3.27.jar:/Users/wdssdream/workspace/maven_repository/org/xmlunit/xmlunit-core/2.9.1/xmlunit-core-2.9.1.jar:/Users/wdssdream/workspace/maven_repository/com/alibaba/fastjson2/fastjson2/2.0.16/fastjson2-2.0.16.jar:/Users/wdssdream/workspace/maven_repository/cn/hutool/hutool-all/5.8.16/hutool-all-5.8.16.jar:"/>
    <property name="sun.cpu.endian" value="little"/>
    <property name="user.home" value="/Users/wdssdream"/>
    <property name="user.language" value="en"/>
    <property name="java.specification.vendor" value="Oracle Corporation"/>
    <property name="java.home" value="/Library/Java/JavaVirtualMachines/zulu-8.jdk/Contents/Home/jre"/>
    <property name="basedir" value="/Users/wdssdream/workspace/github/see"/>
    <property name="https.proxyHost" value="127.0.0.1"/>
    <property name="file.separator" value="/"/>
    <property name="line.separator" value="&#10;"/>
    <property name="jdk.vendor.version" value="Zulu 8.64.0.15-CA-macos-aarch64"/>
    <property name="java.vm.specification.vendor" value="Oracle Corporation"/>
    <property name="java.specification.name" value="Java Platform API Specification"/>
    <property name="java.awt.graphicsenv" value="sun.awt.CGraphicsEnvironment"/>
    <property name="surefire.real.class.path" value="/Users/wdssdream/workspace/github/see/target/surefire/surefirebooter4345443562446159448.jar"/>
    <property name="sun.boot.class.path" value="/Library/Java/JavaVirtualMachines/zulu-8.jdk/Contents/Home/jre/lib/resources.jar:/Library/Java/JavaVirtualMachines/zulu-8.jdk/Contents/Home/jre/lib/rt.jar:/Library/Java/JavaVirtualMachines/zulu-8.jdk/Contents/Home/jre/lib/sunrsasign.jar:/Library/Java/JavaVirtualMachines/zulu-8.jdk/Contents/Home/jre/lib/jsse.jar:/Library/Java/JavaVirtualMachines/zulu-8.jdk/Contents/Home/jre/lib/jce.jar:/Library/Java/JavaVirtualMachines/zulu-8.jdk/Contents/Home/jre/lib/charsets.jar:/Library/Java/JavaVirtualMachines/zulu-8.jdk/Contents/Home/jre/lib/jfr.jar:/Library/Java/JavaVirtualMachines/zulu-8.jdk/Contents/Home/jre/lib/cat.jar:/Library/Java/JavaVirtualMachines/zulu-8.jdk/Contents/Home/jre/classes"/>
    <property name="sun.management.compiler" value="HotSpot 64-Bit Tiered Compilers"/>
    <property name="ftp.nonProxyHosts" value="192.168.0.0/16|*.192.168.0.0/16|10.0.0.0/8|*.10.0.0.0/8|172.16.0.0/12|*.172.16.0.0/12|127.0.0.1|localhost|*.localhost|local|*.local|timestamp.apple.com|*.timestamp.apple.com|sequoia.apple.com|*.sequoia.apple.com|seed-sequoia.siri.apple.com|*.seed-sequoia.siri.apple.com"/>
    <property name="java.runtime.version" value="1.8.0_342-b07"/>
    <property name="user.name" value="wdssdream"/>
    <property name="path.separator" value=":"/>
    <property name="os.version" value="13.3.1"/>
    <property name="java.endorsed.dirs" value="/Library/Java/JavaVirtualMachines/zulu-8.jdk/Contents/Home/jre/lib/endorsed"/>
    <property name="java.runtime.name" value="OpenJDK Runtime Environment"/>
    <property name="file.encoding" value="UTF-8"/>
    <property name="java.vm.name" value="OpenJDK 64-Bit Server VM"/>
    <property name="localRepository" value="/Users/wdssdream/workspace/maven_repository"/>
    <property name="java.vendor.url.bug" value="http://www.azul.com/support/"/>
    <property name="java.io.tmpdir" value="/var/folders/w6/tf72_07d71x_wrhyk150mf300000gn/T/"/>
    <property name="idea.version" value="2021.2.2"/>
    <property name="java.version" value="1.8.0_342"/>
    <property name="user.dir" value="/Users/wdssdream/workspace/github/see"/>
    <property name="os.arch" value="aarch64"/>
    <property name="socksProxyPort" value="7890"/>
    <property name="java.vm.specification.name" value="Java Virtual Machine Specification"/>
    <property name="java.awt.printerjob" value="sun.lwawt.macosx.CPrinterJob"/>
    <property name="sun.os.patch.level" value="unknown"/>
    <property name="java.library.path" value="/Users/wdssdream/Library/Java/Extensions:/Library/Java/Extensions:/Network/Library/Java/Extensions:/System/Library/Java/Extensions:/usr/lib/java:."/>
    <property name="java.vm.info" value="mixed mode"/>
    <property name="java.vendor" value="Azul Systems, Inc."/>
    <property name="java.vm.version" value="25.342-b07"/>
    <property name="java.ext.dirs" value="/Users/wdssdream/Library/Java/Extensions:/Library/Java/JavaVirtualMachines/zulu-8.jdk/Contents/Home/jre/lib/ext:/Library/Java/Extensions:/Network/Library/Java/Extensions:/System/Library/Java/Extensions:/usr/lib/java"/>
    <property name="sun.io.unicode.encoding" value="UnicodeBig"/>
    <property name="java.class.version" value="52.0"/>
    <property name="socksNonProxyHosts" value="192.168.0.0/16|*.192.168.0.0/16|10.0.0.0/8|*.10.0.0.0/8|172.16.0.0/12|*.172.16.0.0/12|127.0.0.1|localhost|*.localhost|local|*.local|timestamp.apple.com|*.timestamp.apple.com|sequoia.apple.com|*.sequoia.apple.com|seed-sequoia.siri.apple.com|*.seed-sequoia.siri.apple.com"/>
    <property name="http.proxyPort" value="7890"/>
  </properties>
  <testcase name="contextLoads" classname="com.wdssdream.see.SeeApplicationTests" time="0.096"/>
</testsuite>